<?xml version="1.0" encoding="UTF-8" ?>
<testsuite tests="1" failures="1" name="es.loyola.iitv.pdm.MostrarRestaurantesTest" time="0.859" errors="0" skipped="0">
  <properties>
[...]
</properties>
  <testcase classname="es.loyola.iitv.pdm.MostrarRestaurantesTest" name="testDoPostHttpServletRequestHttpServletResponse" time="0.859">
    <failure message="Tamaño array incorrecto" type="java.lang.AssertionError">java.lang.AssertionError: Tamaño array incorrecto
	at org.junit.Assert.fail(Assert.java:89)
	at org.junit.Assert.assertTrue(Assert.java:42)
	at es.loyola.iitv.pdm.MostrarRestaurantesTest.testDoPostHttpServletRequestHttpServletResponse(MostrarRestaurantesTest.java:52)
	at java.base/jdk.internal.reflect.NativeMethodAccessorImpl.invoke0(Native Method)
	at java.base/jdk.internal.reflect.NativeMethodAccessorImpl.invoke(NativeMethodAccessorImpl.java:62)
	at java.base/jdk.internal.reflect.DelegatingMethodAccessorImpl.invoke(DelegatingMethodAccessorImpl.java:43)
	at java.base/java.lang.reflect.Method.invoke(Method.java:566)
	at org.junit.runners.model.FrameworkMethod$1.runReflectiveCall(FrameworkMethod.java:59)
	at org.junit.internal.runners.model.ReflectiveCallable.run(ReflectiveCallable.java:12)
	at org.junit.runners.model.FrameworkMethod.invokeExplosively(FrameworkMethod.java:56)
	at org.junit.internal.runners.statements.InvokeMethod.evaluate(InvokeMethod.java:17)
	at org.junit.runners.ParentRunner$3.evaluate(ParentRunner.java:306)
	at org.junit.runners.BlockJUnit4ClassRunner$1.evaluate(BlockJUnit4ClassRunner.java:100)
	at org.junit.runners.ParentRunner.runLeaf(ParentRunner.java:366)
	at org.junit.runners.BlockJUnit4ClassRunner.runChild(BlockJUnit4ClassRunner.java:103)
	at org.junit.runners.BlockJUnit4ClassRunner.runChild(BlockJUnit4ClassRunner.java:63)
	at org.junit.runners.ParentRunner$4.run(ParentRunner.java:331)
	at org.junit.runners.ParentRunner$1.schedule(ParentRunner.java:79)
	at org.junit.runners.ParentRunner.runChildren(ParentRunner.java:329)
	at org.junit.runners.ParentRunner.access$100(ParentRunner.java:66)
	at org.junit.runners.ParentRunner$2.evaluate(ParentRunner.java:293)
	at org.junit.runners.ParentRunner$3.evaluate(ParentRunner.java:306)
	at org.junit.runners.ParentRunner.run(ParentRunner.java:413)
	at org.apache.maven.surefire.junit4.JUnit4Provider.execute(JUnit4Provider.java:252)
	at org.apache.maven.surefire.junit4.JUnit4Provider.executeTestSet(JUnit4Provider.java:141)
	at org.apache.maven.surefire.junit4.JUnit4Provider.invoke(JUnit4Provider.java:112)
	at java.base/jdk.internal.reflect.NativeMethodAccessorImpl.invoke0(Native Method)
	at java.base/jdk.internal.reflect.NativeMethodAccessorImpl.invoke(NativeMethodAccessorImpl.java:62)
	at java.base/jdk.internal.reflect.DelegatingMethodAccessorImpl.invoke(DelegatingMethodAccessorImpl.java:43)
	at java.base/java.lang.reflect.Method.invoke(Method.java:566)
	at org.apache.maven.surefire.util.ReflectionUtils.invokeMethodWithArray(ReflectionUtils.java:189)
	at org.apache.maven.surefire.booter.ProviderFactory$ProviderProxy.invoke(ProviderFactory.java:165)
	at org.apache.maven.surefire.booter.ProviderFactory.invokeProvider(ProviderFactory.java:85)
	at org.apache.maven.surefire.booter.ForkedBooter.runSuitesInProcess(ForkedBooter.java:115)
	at org.apache.maven.surefire.booter.ForkedBooter.main(ForkedBooter.java:75)
</failure>
    <system-out>{&quot;result&quot;:[{&quot;aforo&quot;:30,&quot;horario_Open&quot;:&quot;Thu Jan 01 08:00:00 CET 1970&quot;,&quot;openDays&quot;:[0,1,1,1,1,0,0],&quot;id&quot;:0,&quot;telefono&quot;:654213789,&quot;horario_Close&quot;:&quot;Thu Jan 01 20:00:00 CET 1970&quot;}],&quot;code&quot;:&quot;ok&quot;,&quot;message&quot;:&quot;ok&quot;}{&quot;result&quot;:[{&quot;aforo&quot;:30,&quot;horario_Open&quot;:&quot;Thu Jan 01 08:00:00 CET 1970&quot;,&quot;openDays&quot;:[0,1,1,1,1,0,0],&quot;id&quot;:0,&quot;telefono&quot;:654213789,&quot;horario_Close&quot;:&quot;Thu Jan 01 20:00:00 CET 1970&quot;},{&quot;aforo&quot;:20,&quot;horario_Open&quot;:&quot;Thu Jan 01 06:00:00 CET 1970&quot;,&quot;openDays&quot;:[1,1,1,0,0,0,0],&quot;id&quot;:1,&quot;telefono&quot;:987654312,&quot;horario_Close&quot;:&quot;Thu Jan 01 21:30:00 CET 1970&quot;}],&quot;code&quot;:&quot;ok&quot;,&quot;message&quot;:&quot;ok&quot;}{&quot;result&quot;:[{&quot;aforo&quot;:30,&quot;horario_Open&quot;:&quot;Thu Jan 01 08:00:00 CET 1970&quot;,&quot;openDays&quot;:[0,1,1,1,1,0,0],&quot;id&quot;:0,&quot;telefono&quot;:654213789,&quot;horario_Close&quot;:&quot;Thu Jan 01 20:00:00 CET 1970&quot;},{&quot;aforo&quot;:20,&quot;horario_Open&quot;:&quot;Thu Jan 01 06:00:00 CET 1970&quot;,&quot;openDays&quot;:[1,1,1,0,0,0,0],&quot;id&quot;:1,&quot;telefono&quot;:987654312,&quot;horario_Close&quot;:&quot;Thu Jan 01 21:30:00 CET 1970&quot;},{&quot;aforo&quot;:60,&quot;horario_Open&quot;:&quot;Thu Jan 01 10:00:00 CET 1970&quot;,&quot;openDays&quot;:[1,1,1,1,1,1,0],&quot;id&quot;:2,&quot;telefono&quot;:123456789,&quot;horario_Close&quot;:&quot;Thu Jan 01 22:00:00 CET 1970&quot;}],&quot;code&quot;:&quot;ok&quot;,&quot;message&quot;:&quot;ok&quot;}
</system-out>
  </testcase>
</testsuite>